<?xml version="1.0" encoding="UTF-8"?>
<coverage generated="1623899043902" clover="3.2.0">
  <project timestamp="1623899043902" name="All files">
    <metrics statements="117" coveredstatements="96" conditionals="30" coveredconditionals="15" methods="52" coveredmethods="44" elements="199" coveredelements="155" complexity="0" loc="117" ncloc="117" packages="6" files="12" classes="12"/>
    <package name="src">
      <metrics statements="12" coveredstatements="1" conditionals="4" coveredconditionals="0" methods="3" coveredmethods="1"/>
      <file name="App.jsx" path="/Users/menglu/private/BM/src/App.jsx">
        <metrics statements="1" coveredstatements="1" conditionals="0" coveredconditionals="0" methods="1" coveredmethods="1"/>
        <line num="5" count="1" type="stmt"/>
      </file>
      <file name="index.js" path="/Users/menglu/private/BM/src/index.js">
        <metrics statements="3" coveredstatements="0" conditionals="0" coveredconditionals="0" methods="0" coveredmethods="0"/>
        <line num="12" count="0" type="stmt"/>
        <line num="14" count="0" type="stmt"/>
        <line num="26" count="0" type="stmt"/>
      </file>
      <file name="reportWebVitals.js" path="/Users/menglu/private/BM/src/reportWebVitals.js">
        <metrics statements="8" coveredstatements="0" conditionals="4" coveredconditionals="0" methods="2" coveredmethods="0"/>
        <line num="1" count="0" type="stmt"/>
        <line num="2" count="0" type="cond" truecount="0" falsecount="4"/>
        <line num="3" count="0" type="stmt"/>
        <line num="4" count="0" type="stmt"/>
        <line num="5" count="0" type="stmt"/>
        <line num="6" count="0" type="stmt"/>
        <line num="7" count="0" type="stmt"/>
        <line num="8" count="0" type="stmt"/>
      </file>
    </package>
    <package name="src.components.Content">
      <metrics statements="40" coveredstatements="34" conditionals="18" coveredconditionals="7" methods="14" coveredmethods="10"/>
      <file name="index.jsx" path="/Users/menglu/private/BM/src/components/Content/index.jsx">
        <metrics statements="37" coveredstatements="31" conditionals="18" coveredconditionals="7" methods="14" coveredmethods="10"/>
        <line num="15" count="3" type="stmt"/>
        <line num="16" count="3" type="stmt"/>
        <line num="17" count="3" type="stmt"/>
        <line num="19" count="3" type="stmt"/>
        <line num="22" count="2" type="stmt"/>
        <line num="23" count="3" type="stmt"/>
        <line num="24" count="3" type="stmt"/>
        <line num="26" count="3" type="stmt"/>
        <line num="28" count="3" type="cond" truecount="1" falsecount="2"/>
        <line num="29" count="3" type="cond" truecount="1" falsecount="1"/>
        <line num="30" count="3" type="cond" truecount="1" falsecount="1"/>
        <line num="32" count="3" type="cond" truecount="2" falsecount="2"/>
        <line num="33" count="0" type="stmt"/>
        <line num="36" count="3" type="stmt"/>
        <line num="37" count="0" type="cond" truecount="0" falsecount="2"/>
        <line num="38" count="0" type="stmt"/>
        <line num="42" count="3" type="stmt"/>
        <line num="43" count="0" type="stmt"/>
        <line num="46" count="3" type="stmt"/>
        <line num="47" count="0" type="stmt"/>
        <line num="50" count="3" type="stmt"/>
        <line num="51" count="3" type="cond" truecount="2" falsecount="3"/>
        <line num="52" count="0" type="stmt"/>
        <line num="56" count="3" type="stmt"/>
        <line num="84" count="2" type="stmt"/>
        <line num="94" count="2" type="stmt"/>
        <line num="101" count="2" type="stmt"/>
        <line num="102" count="3" type="stmt"/>
        <line num="103" count="3" type="stmt"/>
        <line num="104" count="3" type="stmt"/>
        <line num="105" count="3" type="stmt"/>
        <line num="107" count="3" type="stmt"/>
        <line num="113" count="3" type="stmt"/>
        <line num="116" count="6" type="stmt"/>
        <line num="117" count="1" type="stmt"/>
        <line num="118" count="1" type="stmt"/>
        <line num="119" count="1" type="stmt"/>
      </file>
      <file name="style.js" path="/Users/menglu/private/BM/src/components/Content/style.js">
        <metrics statements="3" coveredstatements="3" conditionals="0" coveredconditionals="0" methods="0" coveredmethods="0"/>
        <line num="3" count="2" type="stmt"/>
        <line num="10" count="2" type="stmt"/>
        <line num="18" count="2" type="stmt"/>
      </file>
    </package>
    <package name="src.components.WeatherWidget">
      <metrics statements="16" coveredstatements="16" conditionals="8" coveredconditionals="8" methods="5" coveredmethods="5"/>
      <file name="index.jsx" path="/Users/menglu/private/BM/src/components/WeatherWidget/index.jsx">
        <metrics statements="7" coveredstatements="7" conditionals="2" coveredconditionals="2" methods="3" coveredmethods="3"/>
        <line num="9" count="3" type="stmt"/>
        <line num="10" count="1" type="stmt"/>
        <line num="12" count="1" type="stmt"/>
        <line num="25" count="1" type="stmt"/>
        <line num="36" count="1" type="cond" truecount="2" falsecount="0"/>
        <line num="45" count="3" type="stmt"/>
        <line num="49" count="3" type="stmt"/>
      </file>
      <file name="style.js" path="/Users/menglu/private/BM/src/components/WeatherWidget/style.js">
        <metrics statements="1" coveredstatements="1" conditionals="0" coveredconditionals="0" methods="0" coveredmethods="0"/>
        <line num="3" count="3" type="stmt"/>
      </file>
      <file name="util.jsx" path="/Users/menglu/private/BM/src/components/WeatherWidget/util.jsx">
        <metrics statements="8" coveredstatements="8" conditionals="6" coveredconditionals="6" methods="2" coveredmethods="2"/>
        <line num="6" count="3" type="stmt"/>
        <line num="8" count="7" type="stmt"/>
        <line num="10" count="7" type="cond" truecount="2" falsecount="0"/>
        <line num="12" count="6" type="cond" truecount="4" falsecount="0"/>
        <line num="14" count="1" type="stmt"/>
        <line num="19" count="3" type="stmt"/>
        <line num="24" count="3" type="stmt"/>
        <line num="29" count="3" type="stmt"/>
      </file>
    </package>
    <package name="src.reducers">
      <metrics statements="37" coveredstatements="33" conditionals="0" coveredconditionals="0" methods="18" coveredmethods="16"/>
      <file name="actions.js" path="/Users/menglu/private/BM/src/reducers/actions.js">
        <metrics statements="22" coveredstatements="18" conditionals="0" coveredconditionals="0" methods="10" coveredmethods="8"/>
        <line num="7" count="5" type="stmt"/>
        <line num="9" count="5" type="stmt"/>
        <line num="11" count="7" type="stmt"/>
        <line num="13" count="5" type="stmt"/>
        <line num="15" count="5" type="stmt"/>
        <line num="17" count="5" type="stmt"/>
        <line num="19" count="5" type="stmt"/>
        <line num="21" count="5" type="stmt"/>
        <line num="23" count="8" type="stmt"/>
        <line num="24" count="6" type="stmt"/>
        <line num="25" count="6" type="stmt"/>
        <line num="27" count="6" type="stmt"/>
        <line num="29" count="0" type="stmt"/>
        <line num="30" count="0" type="stmt"/>
        <line num="32" count="6" type="stmt"/>
        <line num="35" count="5" type="stmt"/>
        <line num="36" count="2" type="stmt"/>
        <line num="37" count="2" type="stmt"/>
        <line num="39" count="2" type="stmt"/>
        <line num="41" count="0" type="stmt"/>
        <line num="42" count="0" type="stmt"/>
        <line num="44" count="2" type="stmt"/>
      </file>
      <file name="reducer.js" path="/Users/menglu/private/BM/src/reducers/reducer.js">
        <metrics statements="15" coveredstatements="15" conditionals="0" coveredconditionals="0" methods="8" coveredmethods="8"/>
        <line num="14" count="1" type="stmt"/>
        <line num="24" count="1" type="stmt"/>
        <line num="26" count="1" type="stmt"/>
        <line num="27" count="1" type="stmt"/>
        <line num="29" count="1" type="stmt"/>
        <line num="30" count="1" type="stmt"/>
        <line num="33" count="1" type="stmt"/>
        <line num="34" count="1" type="stmt"/>
        <line num="37" count="1" type="stmt"/>
        <line num="38" count="1" type="stmt"/>
        <line num="41" count="1" type="stmt"/>
        <line num="42" count="1" type="stmt"/>
        <line num="45" count="1" type="stmt"/>
        <line num="46" count="1" type="stmt"/>
        <line num="48" count="1" type="stmt"/>
      </file>
    </package>
    <package name="src.selectors">
      <metrics statements="12" coveredstatements="12" conditionals="0" coveredconditionals="0" methods="12" coveredmethods="12"/>
      <file name="selectors.js" path="/Users/menglu/private/BM/src/selectors/selectors.js">
        <metrics statements="12" coveredstatements="12" conditionals="0" coveredconditionals="0" methods="12" coveredmethods="12"/>
        <line num="4" count="4" type="stmt"/>
        <line num="8" count="4" type="stmt"/>
        <line num="12" count="6" type="stmt"/>
        <line num="16" count="6" type="stmt"/>
        <line num="20" count="4" type="stmt"/>
        <line num="22" count="3" type="stmt"/>
        <line num="27" count="4" type="stmt"/>
        <line num="29" count="3" type="stmt"/>
        <line num="34" count="5" type="stmt"/>
        <line num="36" count="5" type="stmt"/>
        <line num="41" count="5" type="stmt"/>
        <line num="43" count="5" type="stmt"/>
      </file>
    </package>
    <package name="src.settings">
      <metrics statements="0" coveredstatements="0" conditionals="0" coveredconditionals="0" methods="0" coveredmethods="0"/>
      <file name="index.js" path="/Users/menglu/private/BM/src/settings/index.js">
        <metrics statements="0" coveredstatements="0" conditionals="0" coveredconditionals="0" methods="0" coveredmethods="0"/>
      </file>
    </package>
  </project>
</coverage>
