{"/Users/menglu/private/BM/src/App.jsx": {"path":"/Users/menglu/private/BM/src/App.jsx","statementMap":{"0":{"start":{"line":5,"column":2},"end":{"line":9,"column":4}}},"fnMap":{"0":{"name":"App","decl":{"start":{"line":4,"column":9},"end":{"line":4,"column":12}},"loc":{"start":{"line":4,"column":15},"end":{"line":10,"column":1}},"line":4}},"branchMap":{},"s":{"0":1},"f":{"0":1},"b":{},"_coverageSchema":"1a1c01bbd47fc00a2c39e90264f33305004495a9","hash":"6e7342b7b3ea7dd5d752a0bd7a7747f2173595cc"}
,"/Users/menglu/private/BM/src/index.js": {"path":"/Users/menglu/private/BM/src/index.js","statementMap":{"0":{"start":{"line":12,"column":14},"end":{"line":12,"column":88}},"1":{"start":{"line":14,"column":0},"end":{"line":21,"column":2}},"2":{"start":{"line":26,"column":0},"end":{"line":26,"column":18}}},"fnMap":{},"branchMap":{},"s":{"0":0,"1":0,"2":0},"f":{},"b":{}}
,"/Users/menglu/private/BM/src/reportWebVitals.js": {"path":"/Users/menglu/private/BM/src/reportWebVitals.js","statementMap":{"0":{"start":{"line":1,"column":24},"end":{"line":11,"column":1}},"1":{"start":{"line":2,"column":2},"end":{"line":10,"column":3}},"2":{"start":{"line":3,"column":4},"end":{"line":9,"column":7}},"3":{"start":{"line":4,"column":6},"end":{"line":4,"column":26}},"4":{"start":{"line":5,"column":6},"end":{"line":5,"column":26}},"5":{"start":{"line":6,"column":6},"end":{"line":6,"column":26}},"6":{"start":{"line":7,"column":6},"end":{"line":7,"column":26}},"7":{"start":{"line":8,"column":6},"end":{"line":8,"column":27}}},"fnMap":{"0":{"name":"(anonymous_0)","decl":{"start":{"line":1,"column":24},"end":{"line":1,"column":25}},"loc":{"start":{"line":1,"column":39},"end":{"line":11,"column":1}},"line":1},"1":{"name":"(anonymous_1)","decl":{"start":{"line":3,"column":30},"end":{"line":3,"column":31}},"loc":{"start":{"line":3,"column":79},"end":{"line":9,"column":5}},"line":3}},"branchMap":{"0":{"loc":{"start":{"line":2,"column":2},"end":{"line":10,"column":3}},"type":"if","locations":[{"start":{"line":2,"column":2},"end":{"line":10,"column":3}},{"start":{"line":2,"column":2},"end":{"line":10,"column":3}}],"line":2},"1":{"loc":{"start":{"line":2,"column":6},"end":{"line":2,"column":52}},"type":"binary-expr","locations":[{"start":{"line":2,"column":6},"end":{"line":2,"column":17}},{"start":{"line":2,"column":21},"end":{"line":2,"column":52}}],"line":2}},"s":{"0":0,"1":0,"2":0,"3":0,"4":0,"5":0,"6":0,"7":0},"f":{"0":0,"1":0},"b":{"0":[0,0],"1":[0,0]}}
,"/Users/menglu/private/BM/src/components/Content/index.jsx": {"path":"/Users/menglu/private/BM/src/components/Content/index.jsx","statementMap":{"0":{"start":{"line":15,"column":14},"end":{"line":15,"column":28}},"1":{"start":{"line":16,"column":2},"end":{"line":18,"column":5}},"2":{"start":{"line":17,"column":4},"end":{"line":17,"column":24}},"3":{"start":{"line":19,"column":2},"end":{"line":19,"column":21}},"4":{"start":{"line":22,"column":16},"end":{"line":82,"column":1}},"5":{"start":{"line":23,"column":121},"end":{"line":23,"column":126}},"6":{"start":{"line":24,"column":38},"end":{"line":24,"column":54}},"7":{"start":{"line":26,"column":25},"end":{"line":26,"column":52}},"8":{"start":{"line":28,"column":19},"end":{"line":28,"column":105}},"9":{"start":{"line":29,"column":19},"end":{"line":29,"column":67}},"10":{"start":{"line":30,"column":20},"end":{"line":30,"column":68}},"11":{"start":{"line":32,"column":18},"end":{"line":34,"column":8}},"12":{"start":{"line":33,"column":38},"end":{"line":33,"column":148}},"13":{"start":{"line":36,"column":28},"end":{"line":40,"column":9}},"14":{"start":{"line":37,"column":4},"end":{"line":39,"column":5}},"15":{"start":{"line":38,"column":6},"end":{"line":38,"column":25}},"16":{"start":{"line":42,"column":25},"end":{"line":44,"column":3}},"17":{"start":{"line":43,"column":4},"end":{"line":43,"column":33}},"18":{"start":{"line":46,"column":25},"end":{"line":48,"column":3}},"19":{"start":{"line":47,"column":4},"end":{"line":47,"column":42}},"20":{"start":{"line":50,"column":2},"end":{"line":54,"column":19}},"21":{"start":{"line":51,"column":4},"end":{"line":53,"column":5}},"22":{"start":{"line":52,"column":6},"end":{"line":52,"column":18}},"23":{"start":{"line":56,"column":2},"end":{"line":81,"column":4}},"24":{"start":{"line":84,"column":0},"end":{"line":92,"column":2}},"25":{"start":{"line":94,"column":0},"end":{"line":99,"column":2}},"26":{"start":{"line":101,"column":35},"end":{"line":114,"column":1}},"27":{"start":{"line":102,"column":30},"end":{"line":102,"column":52}},"28":{"start":{"line":103,"column":29},"end":{"line":103,"column":50}},"29":{"start":{"line":104,"column":36},"end":{"line":104,"column":64}},"30":{"start":{"line":105,"column":37},"end":{"line":105,"column":66}},"31":{"start":{"line":107,"column":26},"end":{"line":112,"column":4}},"32":{"start":{"line":107,"column":38},"end":{"line":112,"column":3}},"33":{"start":{"line":113,"column":2},"end":{"line":113,"column":25}},"34":{"start":{"line":116,"column":34},"end":{"line":120,"column":2}},"35":{"start":{"line":116,"column":49},"end":{"line":120,"column":1}},"36":{"start":{"line":117,"column":29},"end":{"line":117,"column":66}},"37":{"start":{"line":118,"column":34},"end":{"line":118,"column":70}},"38":{"start":{"line":119,"column":19},"end":{"line":119,"column":41}}},"fnMap":{"0":{"name":"usePrevious","decl":{"start":{"line":14,"column":9},"end":{"line":14,"column":20}},"loc":{"start":{"line":14,"column":28},"end":{"line":20,"column":1}},"line":14},"1":{"name":"(anonymous_1)","decl":{"start":{"line":16,"column":18},"end":{"line":16,"column":19}},"loc":{"start":{"line":16,"column":24},"end":{"line":18,"column":3}},"line":16},"2":{"name":"(anonymous_2)","decl":{"start":{"line":22,"column":16},"end":{"line":22,"column":17}},"loc":{"start":{"line":22,"column":27},"end":{"line":82,"column":1}},"line":22},"3":{"name":"(anonymous_3)","decl":{"start":{"line":33,"column":26},"end":{"line":33,"column":27}},"loc":{"start":{"line":33,"column":38},"end":{"line":33,"column":148}},"line":33},"4":{"name":"(anonymous_4)","decl":{"start":{"line":36,"column":39},"end":{"line":36,"column":40}},"loc":{"start":{"line":36,"column":50},"end":{"line":40,"column":3}},"line":36},"5":{"name":"(anonymous_5)","decl":{"start":{"line":42,"column":25},"end":{"line":42,"column":26}},"loc":{"start":{"line":42,"column":36},"end":{"line":44,"column":3}},"line":42},"6":{"name":"(anonymous_6)","decl":{"start":{"line":46,"column":25},"end":{"line":46,"column":26}},"loc":{"start":{"line":46,"column":31},"end":{"line":48,"column":3}},"line":46},"7":{"name":"(anonymous_7)","decl":{"start":{"line":50,"column":18},"end":{"line":50,"column":19}},"loc":{"start":{"line":50,"column":24},"end":{"line":54,"column":3}},"line":50},"8":{"name":"(anonymous_8)","decl":{"start":{"line":101,"column":35},"end":{"line":101,"column":36}},"loc":{"start":{"line":101,"column":41},"end":{"line":114,"column":1}},"line":101},"9":{"name":"(anonymous_9)","decl":{"start":{"line":107,"column":26},"end":{"line":107,"column":27}},"loc":{"start":{"line":107,"column":38},"end":{"line":112,"column":3}},"line":107},"10":{"name":"(anonymous_10)","decl":{"start":{"line":116,"column":34},"end":{"line":116,"column":35}},"loc":{"start":{"line":116,"column":49},"end":{"line":120,"column":1}},"line":116},"11":{"name":"(anonymous_11)","decl":{"start":{"line":117,"column":15},"end":{"line":117,"column":16}},"loc":{"start":{"line":117,"column":29},"end":{"line":117,"column":66}},"line":117},"12":{"name":"(anonymous_12)","decl":{"start":{"line":118,"column":20},"end":{"line":118,"column":21}},"loc":{"start":{"line":118,"column":34},"end":{"line":118,"column":70}},"line":118},"13":{"name":"(anonymous_13)","decl":{"start":{"line":119,"column":13},"end":{"line":119,"column":14}},"loc":{"start":{"line":119,"column":19},"end":{"line":119,"column":41}},"line":119}},"branchMap":{"0":{"loc":{"start":{"line":28,"column":19},"end":{"line":28,"column":105}},"type":"binary-expr","locations":[{"start":{"line":28,"column":19},"end":{"line":28,"column":29}},{"start":{"line":28,"column":33},"end":{"line":28,"column":67}},{"start":{"line":28,"column":71},"end":{"line":28,"column":105}}],"line":28},"1":{"loc":{"start":{"line":29,"column":19},"end":{"line":29,"column":67}},"type":"binary-expr","locations":[{"start":{"line":29,"column":19},"end":{"line":29,"column":29}},{"start":{"line":29,"column":33},"end":{"line":29,"column":67}}],"line":29},"2":{"loc":{"start":{"line":30,"column":20},"end":{"line":30,"column":68}},"type":"binary-expr","locations":[{"start":{"line":30,"column":20},"end":{"line":30,"column":30}},{"start":{"line":30,"column":34},"end":{"line":30,"column":68}}],"line":30},"3":{"loc":{"start":{"line":32,"column":18},"end":{"line":34,"column":8}},"type":"cond-expr","locations":[{"start":{"line":33,"column":6},"end":{"line":33,"column":156}},{"start":{"line":34,"column":6},"end":{"line":34,"column":8}}],"line":32},"4":{"loc":{"start":{"line":32,"column":18},"end":{"line":32,"column":61}},"type":"binary-expr","locations":[{"start":{"line":32,"column":18},"end":{"line":32,"column":33}},{"start":{"line":32,"column":37},"end":{"line":32,"column":61}}],"line":32},"5":{"loc":{"start":{"line":37,"column":4},"end":{"line":39,"column":5}},"type":"if","locations":[{"start":{"line":37,"column":4},"end":{"line":39,"column":5}},{"start":{"line":37,"column":4},"end":{"line":39,"column":5}}],"line":37},"6":{"loc":{"start":{"line":51,"column":4},"end":{"line":53,"column":5}},"type":"if","locations":[{"start":{"line":51,"column":4},"end":{"line":53,"column":5}},{"start":{"line":51,"column":4},"end":{"line":53,"column":5}}],"line":51},"7":{"loc":{"start":{"line":51,"column":8},"end":{"line":51,"column":66}},"type":"binary-expr","locations":[{"start":{"line":51,"column":8},"end":{"line":51,"column":22}},{"start":{"line":51,"column":26},"end":{"line":51,"column":51}},{"start":{"line":51,"column":55},"end":{"line":51,"column":66}}],"line":51}},"s":{"0":3,"1":3,"2":3,"3":3,"4":2,"5":3,"6":3,"7":3,"8":3,"9":3,"10":3,"11":3,"12":0,"13":3,"14":0,"15":0,"16":3,"17":0,"18":3,"19":0,"20":3,"21":3,"22":0,"23":3,"24":2,"25":2,"26":2,"27":3,"28":3,"29":3,"30":3,"31":3,"32":3,"33":3,"34":2,"35":6,"36":1,"37":1,"38":1},"f":{"0":3,"1":3,"2":3,"3":0,"4":0,"5":0,"6":0,"7":3,"8":3,"9":3,"10":6,"11":1,"12":1,"13":1},"b":{"0":[3,0,0],"1":[3,0],"2":[3,0],"3":[0,3],"4":[3,0],"5":[0,0],"6":[0,3],"7":[3,0,0]},"_coverageSchema":"1a1c01bbd47fc00a2c39e90264f33305004495a9","hash":"24aa03d1ebecf43979d29290237c301fd93652aa"}
,"/Users/menglu/private/BM/src/components/Content/style.js": {"path":"/Users/menglu/private/BM/src/components/Content/style.js","statementMap":{"0":{"start":{"line":3,"column":20},"end":{"line":8,"column":1}},"1":{"start":{"line":10,"column":25},"end":{"line":16,"column":1}},"2":{"start":{"line":18,"column":31},"end":{"line":20,"column":1}}},"fnMap":{},"branchMap":{},"s":{"0":2,"1":2,"2":2},"f":{},"b":{},"_coverageSchema":"1a1c01bbd47fc00a2c39e90264f33305004495a9","hash":"5e8fc7e5076cc06dbb7df6ef271923772352730b"}
,"/Users/menglu/private/BM/src/components/WeatherWidget/index.jsx": {"path":"/Users/menglu/private/BM/src/components/WeatherWidget/index.jsx","statementMap":{"0":{"start":{"line":9,"column":22},"end":{"line":43,"column":1}},"1":{"start":{"line":10,"column":29},"end":{"line":10,"column":34}},"2":{"start":{"line":12,"column":2},"end":{"line":42,"column":4}},"3":{"start":{"line":25,"column":10},"end":{"line":38,"column":15}},"4":{"start":{"line":36,"column":87},"end":{"line":36,"column":109}},"5":{"start":{"line":45,"column":0},"end":{"line":47,"column":2}},"6":{"start":{"line":49,"column":0},"end":{"line":51,"column":2}}},"fnMap":{"0":{"name":"(anonymous_0)","decl":{"start":{"line":9,"column":22},"end":{"line":9,"column":23}},"loc":{"start":{"line":9,"column":33},"end":{"line":43,"column":1}},"line":9},"1":{"name":"(anonymous_1)","decl":{"start":{"line":24,"column":41},"end":{"line":24,"column":42}},"loc":{"start":{"line":25,"column":10},"end":{"line":38,"column":15}},"line":25},"2":{"name":"(anonymous_2)","decl":{"start":{"line":36,"column":78},"end":{"line":36,"column":79}},"loc":{"start":{"line":36,"column":87},"end":{"line":36,"column":109}},"line":36}},"branchMap":{"0":{"loc":{"start":{"line":36,"column":15},"end":{"line":36,"column":110}},"type":"binary-expr","locations":[{"start":{"line":36,"column":15},"end":{"line":36,"column":42}},{"start":{"line":36,"column":46},"end":{"line":36,"column":110}}],"line":36}},"s":{"0":3,"1":1,"2":1,"3":1,"4":1,"5":3,"6":3},"f":{"0":1,"1":1,"2":1},"b":{"0":[1,1]},"_coverageSchema":"1a1c01bbd47fc00a2c39e90264f33305004495a9","hash":"2bf11f01d57864f9d4cba1d481762a0f4c96d30f"}
,"/Users/menglu/private/BM/src/components/WeatherWidget/style.js": {"path":"/Users/menglu/private/BM/src/components/WeatherWidget/style.js","statementMap":{"0":{"start":{"line":3,"column":21},"end":{"line":11,"column":1}}},"fnMap":{},"branchMap":{},"s":{"0":3},"f":{},"b":{},"_coverageSchema":"1a1c01bbd47fc00a2c39e90264f33305004495a9","hash":"8d4e1e56f4fbf6c8ed24bd591c7886ebfff3b4fb"}
,"/Users/menglu/private/BM/src/components/WeatherWidget/util.jsx": {"path":"/Users/menglu/private/BM/src/components/WeatherWidget/util.jsx","statementMap":{"0":{"start":{"line":6,"column":29},"end":{"line":30,"column":1}},"1":{"start":{"line":8,"column":40},"end":{"line":8,"column":45}},"2":{"start":{"line":10,"column":4},"end":{"line":10,"column":37}},"3":{"start":{"line":10,"column":17},"end":{"line":10,"column":37}},"4":{"start":{"line":12,"column":4},"end":{"line":12,"column":65}},"5":{"start":{"line":12,"column":53},"end":{"line":12,"column":65}},"6":{"start":{"line":14,"column":4},"end":{"line":16,"column":6}},"7":{"start":{"line":19,"column":2},"end":{"line":22,"column":4}},"8":{"start":{"line":24,"column":2},"end":{"line":27,"column":4}},"9":{"start":{"line":29,"column":2},"end":{"line":29,"column":18}}},"fnMap":{"0":{"name":"(anonymous_0)","decl":{"start":{"line":6,"column":29},"end":{"line":6,"column":30}},"loc":{"start":{"line":6,"column":51},"end":{"line":30,"column":1}},"line":6},"1":{"name":"WithWrap","decl":{"start":{"line":7,"column":11},"end":{"line":7,"column":19}},"loc":{"start":{"line":7,"column":27},"end":{"line":17,"column":3}},"line":7}},"branchMap":{"0":{"loc":{"start":{"line":10,"column":4},"end":{"line":10,"column":37}},"type":"if","locations":[{"start":{"line":10,"column":4},"end":{"line":10,"column":37}},{"start":{"line":10,"column":4},"end":{"line":10,"column":37}}],"line":10},"1":{"loc":{"start":{"line":12,"column":4},"end":{"line":12,"column":65}},"type":"if","locations":[{"start":{"line":12,"column":4},"end":{"line":12,"column":65}},{"start":{"line":12,"column":4},"end":{"line":12,"column":65}}],"line":12},"2":{"loc":{"start":{"line":12,"column":8},"end":{"line":12,"column":51}},"type":"binary-expr","locations":[{"start":{"line":12,"column":8},"end":{"line":12,"column":23}},{"start":{"line":12,"column":27},"end":{"line":12,"column":51}}],"line":12}},"s":{"0":3,"1":7,"2":7,"3":1,"4":6,"5":5,"6":1,"7":3,"8":3,"9":3},"f":{"0":3,"1":7},"b":{"0":[1,6],"1":[5,1],"2":[6,6]},"_coverageSchema":"1a1c01bbd47fc00a2c39e90264f33305004495a9","hash":"162dd63b6b409e797cd77c9d8dc0e8855231ee1b"}
,"/Users/menglu/private/BM/src/reducers/actions.js": {"path":"/Users/menglu/private/BM/src/reducers/actions.js","statementMap":{"0":{"start":{"line":7,"column":28},"end":{"line":7,"column":64}},"1":{"start":{"line":9,"column":31},"end":{"line":9,"column":84}},"2":{"start":{"line":9,"column":76},"end":{"line":9,"column":83}},"3":{"start":{"line":11,"column":32},"end":{"line":11,"column":86}},"4":{"start":{"line":11,"column":78},"end":{"line":11,"column":85}},"5":{"start":{"line":13,"column":27},"end":{"line":13,"column":62}},"6":{"start":{"line":15,"column":38},"end":{"line":15,"column":75}},"7":{"start":{"line":17,"column":37},"end":{"line":17,"column":73}},"8":{"start":{"line":19,"column":26},"end":{"line":19,"column":52}},"9":{"start":{"line":21,"column":26},"end":{"line":21,"column":54}},"10":{"start":{"line":23,"column":33},"end":{"line":33,"column":1}},"11":{"start":{"line":23,"column":55},"end":{"line":33,"column":1}},"12":{"start":{"line":24,"column":2},"end":{"line":24,"column":27}},"13":{"start":{"line":25,"column":2},"end":{"line":25,"column":35}},"14":{"start":{"line":27,"column":2},"end":{"line":32,"column":51}},"15":{"start":{"line":29,"column":6},"end":{"line":29,"column":40}},"16":{"start":{"line":30,"column":6},"end":{"line":30,"column":56}},"17":{"start":{"line":32,"column":22},"end":{"line":32,"column":49}},"18":{"start":{"line":35,"column":32},"end":{"line":45,"column":1}},"19":{"start":{"line":35,"column":65},"end":{"line":45,"column":1}},"20":{"start":{"line":36,"column":2},"end":{"line":36,"column":26}},"21":{"start":{"line":37,"column":2},"end":{"line":37,"column":34}},"22":{"start":{"line":39,"column":2},"end":{"line":44,"column":51}},"23":{"start":{"line":41,"column":6},"end":{"line":41,"column":39}},"24":{"start":{"line":42,"column":6},"end":{"line":42,"column":55}},"25":{"start":{"line":44,"column":22},"end":{"line":44,"column":49}}},"fnMap":{"0":{"name":"(anonymous_0)","decl":{"start":{"line":9,"column":63},"end":{"line":9,"column":64}},"loc":{"start":{"line":9,"column":76},"end":{"line":9,"column":83}},"line":9},"1":{"name":"(anonymous_1)","decl":{"start":{"line":11,"column":65},"end":{"line":11,"column":66}},"loc":{"start":{"line":11,"column":78},"end":{"line":11,"column":85}},"line":11},"2":{"name":"(anonymous_2)","decl":{"start":{"line":23,"column":33},"end":{"line":23,"column":34}},"loc":{"start":{"line":23,"column":55},"end":{"line":33,"column":1}},"line":23},"3":{"name":"(anonymous_3)","decl":{"start":{"line":23,"column":55},"end":{"line":23,"column":56}},"loc":{"start":{"line":23,"column":69},"end":{"line":33,"column":1}},"line":23},"4":{"name":"(anonymous_4)","decl":{"start":{"line":28,"column":10},"end":{"line":28,"column":11}},"loc":{"start":{"line":28,"column":24},"end":{"line":31,"column":5}},"line":28},"5":{"name":"(anonymous_5)","decl":{"start":{"line":32,"column":11},"end":{"line":32,"column":12}},"loc":{"start":{"line":32,"column":22},"end":{"line":32,"column":49}},"line":32},"6":{"name":"(anonymous_6)","decl":{"start":{"line":35,"column":32},"end":{"line":35,"column":33}},"loc":{"start":{"line":35,"column":65},"end":{"line":45,"column":1}},"line":35},"7":{"name":"(anonymous_7)","decl":{"start":{"line":35,"column":65},"end":{"line":35,"column":66}},"loc":{"start":{"line":35,"column":79},"end":{"line":45,"column":1}},"line":35},"8":{"name":"(anonymous_8)","decl":{"start":{"line":40,"column":10},"end":{"line":40,"column":11}},"loc":{"start":{"line":40,"column":24},"end":{"line":43,"column":5}},"line":40},"9":{"name":"(anonymous_9)","decl":{"start":{"line":44,"column":11},"end":{"line":44,"column":12}},"loc":{"start":{"line":44,"column":22},"end":{"line":44,"column":49}},"line":44}},"branchMap":{},"s":{"0":5,"1":5,"2":3,"3":5,"4":7,"5":5,"6":5,"7":5,"8":5,"9":5,"10":5,"11":8,"12":6,"13":6,"14":6,"15":0,"16":0,"17":6,"18":5,"19":4,"20":2,"21":2,"22":2,"23":0,"24":0,"25":2},"f":{"0":3,"1":7,"2":8,"3":6,"4":0,"5":6,"6":4,"7":2,"8":0,"9":2},"b":{},"_coverageSchema":"1a1c01bbd47fc00a2c39e90264f33305004495a9","hash":"4e7e4fd495dc570753c3c19cc8d360a4e0b5dffb"}
,"/Users/menglu/private/BM/src/reducers/reducer.js": {"path":"/Users/menglu/private/BM/src/reducers/reducer.js","statementMap":{"0":{"start":{"line":14,"column":21},"end":{"line":22,"column":2}},"1":{"start":{"line":24,"column":16},"end":{"line":51,"column":1}},"2":{"start":{"line":26,"column":31},"end":{"line":26,"column":36}},"3":{"start":{"line":27,"column":30},"end":{"line":27,"column":35}},"4":{"start":{"line":29,"column":22},"end":{"line":29,"column":44}},"5":{"start":{"line":30,"column":6},"end":{"line":30,"column":58}},"6":{"start":{"line":33,"column":22},"end":{"line":33,"column":44}},"7":{"start":{"line":34,"column":6},"end":{"line":34,"column":59}},"8":{"start":{"line":37,"column":22},"end":{"line":37,"column":49}},"9":{"start":{"line":38,"column":6},"end":{"line":38,"column":44}},"10":{"start":{"line":41,"column":22},"end":{"line":41,"column":49}},"11":{"start":{"line":42,"column":6},"end":{"line":42,"column":43}},"12":{"start":{"line":45,"column":21},"end":{"line":45,"column":48}},"13":{"start":{"line":46,"column":6},"end":{"line":46,"column":41}},"14":{"start":{"line":48,"column":29},"end":{"line":48,"column":80}}},"fnMap":{"0":{"name":"(anonymous_0)","decl":{"start":{"line":26,"column":20},"end":{"line":26,"column":21}},"loc":{"start":{"line":26,"column":31},"end":{"line":26,"column":36}},"line":26},"1":{"name":"(anonymous_1)","decl":{"start":{"line":27,"column":19},"end":{"line":27,"column":20}},"loc":{"start":{"line":27,"column":30},"end":{"line":27,"column":35}},"line":27},"2":{"name":"(anonymous_2)","decl":{"start":{"line":28,"column":23},"end":{"line":28,"column":24}},"loc":{"start":{"line":28,"column":42},"end":{"line":31,"column":5}},"line":28},"3":{"name":"(anonymous_3)","decl":{"start":{"line":32,"column":24},"end":{"line":32,"column":25}},"loc":{"start":{"line":32,"column":43},"end":{"line":35,"column":5}},"line":32},"4":{"name":"(anonymous_4)","decl":{"start":{"line":36,"column":30},"end":{"line":36,"column":31}},"loc":{"start":{"line":36,"column":49},"end":{"line":39,"column":5}},"line":36},"5":{"name":"(anonymous_5)","decl":{"start":{"line":40,"column":29},"end":{"line":40,"column":30}},"loc":{"start":{"line":40,"column":48},"end":{"line":43,"column":5}},"line":40},"6":{"name":"(anonymous_6)","decl":{"start":{"line":44,"column":18},"end":{"line":44,"column":19}},"loc":{"start":{"line":44,"column":37},"end":{"line":47,"column":5}},"line":44},"7":{"name":"(anonymous_7)","decl":{"start":{"line":48,"column":18},"end":{"line":48,"column":19}},"loc":{"start":{"line":48,"column":29},"end":{"line":48,"column":80}},"line":48}},"branchMap":{},"s":{"0":1,"1":1,"2":1,"3":1,"4":1,"5":1,"6":1,"7":1,"8":1,"9":1,"10":1,"11":1,"12":1,"13":1,"14":1},"f":{"0":1,"1":1,"2":1,"3":1,"4":1,"5":1,"6":1,"7":1},"b":{},"_coverageSchema":"1a1c01bbd47fc00a2c39e90264f33305004495a9","hash":"35322e632eafdee6cbff1204509fdd5a5c46ef2e"}
,"/Users/menglu/private/BM/src/selectors/selectors.js": {"path":"/Users/menglu/private/BM/src/selectors/selectors.js","statementMap":{"0":{"start":{"line":4,"column":2},"end":{"line":4,"column":44}},"1":{"start":{"line":8,"column":2},"end":{"line":8,"column":43}},"2":{"start":{"line":12,"column":2},"end":{"line":12,"column":54}},"3":{"start":{"line":16,"column":2},"end":{"line":16,"column":55}},"4":{"start":{"line":20,"column":2},"end":{"line":23,"column":4}},"5":{"start":{"line":22,"column":17},"end":{"line":22,"column":24}},"6":{"start":{"line":27,"column":2},"end":{"line":30,"column":4}},"7":{"start":{"line":29,"column":17},"end":{"line":29,"column":24}},"8":{"start":{"line":34,"column":2},"end":{"line":37,"column":4}},"9":{"start":{"line":36,"column":17},"end":{"line":36,"column":24}},"10":{"start":{"line":41,"column":2},"end":{"line":44,"column":4}},"11":{"start":{"line":43,"column":17},"end":{"line":43,"column":24}}},"fnMap":{"0":{"name":"getLocationSelector","decl":{"start":{"line":3,"column":16},"end":{"line":3,"column":35}},"loc":{"start":{"line":3,"column":43},"end":{"line":5,"column":1}},"line":3},"1":{"name":"getWeatherSelector","decl":{"start":{"line":7,"column":16},"end":{"line":7,"column":34}},"loc":{"start":{"line":7,"column":42},"end":{"line":9,"column":1}},"line":7},"2":{"name":"getWeatherLoadingSelector","decl":{"start":{"line":11,"column":16},"end":{"line":11,"column":41}},"loc":{"start":{"line":11,"column":49},"end":{"line":13,"column":1}},"line":11},"3":{"name":"getLocationLoadingSelector","decl":{"start":{"line":15,"column":16},"end":{"line":15,"column":42}},"loc":{"start":{"line":15,"column":50},"end":{"line":17,"column":1}},"line":15},"4":{"name":"makeLocationSelector","decl":{"start":{"line":19,"column":16},"end":{"line":19,"column":36}},"loc":{"start":{"line":19,"column":39},"end":{"line":24,"column":1}},"line":19},"5":{"name":"(anonymous_5)","decl":{"start":{"line":22,"column":4},"end":{"line":22,"column":5}},"loc":{"start":{"line":22,"column":17},"end":{"line":22,"column":24}},"line":22},"6":{"name":"makeWeatherSelector","decl":{"start":{"line":26,"column":16},"end":{"line":26,"column":35}},"loc":{"start":{"line":26,"column":38},"end":{"line":31,"column":1}},"line":26},"7":{"name":"(anonymous_7)","decl":{"start":{"line":29,"column":4},"end":{"line":29,"column":5}},"loc":{"start":{"line":29,"column":17},"end":{"line":29,"column":24}},"line":29},"8":{"name":"makeWeatherLoadingSelector","decl":{"start":{"line":33,"column":16},"end":{"line":33,"column":42}},"loc":{"start":{"line":33,"column":45},"end":{"line":38,"column":1}},"line":33},"9":{"name":"(anonymous_9)","decl":{"start":{"line":36,"column":4},"end":{"line":36,"column":5}},"loc":{"start":{"line":36,"column":17},"end":{"line":36,"column":24}},"line":36},"10":{"name":"makeLocationLoadingSelector","decl":{"start":{"line":40,"column":16},"end":{"line":40,"column":43}},"loc":{"start":{"line":40,"column":46},"end":{"line":45,"column":1}},"line":40},"11":{"name":"(anonymous_11)","decl":{"start":{"line":43,"column":4},"end":{"line":43,"column":5}},"loc":{"start":{"line":43,"column":17},"end":{"line":43,"column":24}},"line":43}},"branchMap":{},"s":{"0":4,"1":4,"2":6,"3":6,"4":4,"5":3,"6":4,"7":3,"8":5,"9":5,"10":5,"11":5},"f":{"0":4,"1":4,"2":6,"3":6,"4":4,"5":3,"6":4,"7":3,"8":5,"9":5,"10":5,"11":5},"b":{},"_coverageSchema":"1a1c01bbd47fc00a2c39e90264f33305004495a9","hash":"42482362510dd72637deb8ef3153fb114ea63667"}
,"/Users/menglu/private/BM/src/settings/index.js": {"path":"/Users/menglu/private/BM/src/settings/index.js","statementMap":{},"fnMap":{},"branchMap":{},"s":{},"f":{},"b":{},"_coverageSchema":"1a1c01bbd47fc00a2c39e90264f33305004495a9","hash":"2991ef78675b4269484d667934cbd84ced9f1b80"}
}
