TN:
SF:src/App.jsx
FN:4,App
FNF:1
FNH:1
FNDA:1,App
DA:5,1
LF:1
LH:1
BRF:0
BRH:0
end_of_record
TN:
SF:src/index.js
FNF:0
FNH:0
DA:12,0
DA:14,0
DA:26,0
LF:3
LH:0
BRF:0
BRH:0
end_of_record
TN:
SF:src/reportWebVitals.js
FN:1,(anonymous_0)
FN:3,(anonymous_1)
FNF:2
FNH:0
FNDA:0,(anonymous_0)
FNDA:0,(anonymous_1)
DA:1,0
DA:2,0
DA:3,0
DA:4,0
DA:5,0
DA:6,0
DA:7,0
DA:8,0
LF:8
LH:0
BRDA:2,0,0,0
BRDA:2,0,1,0
BRDA:2,1,0,0
BRDA:2,1,1,0
BRF:4
BRH:0
end_of_record
TN:
SF:src/components/Content/index.jsx
FN:14,usePrevious
FN:16,(anonymous_1)
FN:22,(anonymous_2)
FN:33,(anonymous_3)
FN:36,(anonymous_4)
FN:42,(anonymous_5)
FN:46,(anonymous_6)
FN:50,(anonymous_7)
FN:101,(anonymous_8)
FN:107,(anonymous_9)
FN:116,(anonymous_10)
FN:117,(anonymous_11)
FN:118,(anonymous_12)
FN:119,(anonymous_13)
FNF:14
FNH:10
FNDA:3,usePrevious
FNDA:3,(anonymous_1)
FNDA:3,(anonymous_2)
FNDA:0,(anonymous_3)
FNDA:0,(anonymous_4)
FNDA:0,(anonymous_5)
FNDA:0,(anonymous_6)
FNDA:3,(anonymous_7)
FNDA:3,(anonymous_8)
FNDA:3,(anonymous_9)
FNDA:6,(anonymous_10)
FNDA:1,(anonymous_11)
FNDA:1,(anonymous_12)
FNDA:1,(anonymous_13)
DA:15,3
DA:16,3
DA:17,3
DA:19,3
DA:22,2
DA:23,3
DA:24,3
DA:26,3
DA:28,3
DA:29,3
DA:30,3
DA:32,3
DA:33,0
DA:36,3
DA:37,0
DA:38,0
DA:42,3
DA:43,0
DA:46,3
DA:47,0
DA:50,3
DA:51,3
DA:52,0
DA:56,3
DA:84,2
DA:94,2
DA:101,2
DA:102,3
DA:103,3
DA:104,3
DA:105,3
DA:107,3
DA:113,3
DA:116,6
DA:117,1
DA:118,1
DA:119,1
LF:37
LH:31
BRDA:28,0,0,3
BRDA:28,0,1,0
BRDA:28,0,2,0
BRDA:29,1,0,3
BRDA:29,1,1,0
BRDA:30,2,0,3
BRDA:30,2,1,0
BRDA:32,3,0,0
BRDA:32,3,1,3
BRDA:32,4,0,3
BRDA:32,4,1,0
BRDA:37,5,0,0
BRDA:37,5,1,0
BRDA:51,6,0,0
BRDA:51,6,1,3
BRDA:51,7,0,3
BRDA:51,7,1,0
BRDA:51,7,2,0
BRF:18
BRH:7
end_of_record
TN:
SF:src/components/Content/style.js
FNF:0
FNH:0
DA:3,2
DA:10,2
DA:18,2
LF:3
LH:3
BRF:0
BRH:0
end_of_record
TN:
SF:src/components/WeatherWidget/index.jsx
FN:9,(anonymous_0)
FN:24,(anonymous_1)
FN:36,(anonymous_2)
FNF:3
FNH:3
FNDA:1,(anonymous_0)
FNDA:1,(anonymous_1)
FNDA:1,(anonymous_2)
DA:9,3
DA:10,1
DA:12,1
DA:25,1
DA:36,1
DA:45,3
DA:49,3
LF:7
LH:7
BRDA:36,0,0,1
BRDA:36,0,1,1
BRF:2
BRH:2
end_of_record
TN:
SF:src/components/WeatherWidget/style.js
FNF:0
FNH:0
DA:3,3
LF:1
LH:1
BRF:0
BRH:0
end_of_record
TN:
SF:src/components/WeatherWidget/util.jsx
FN:6,(anonymous_0)
FN:7,WithWrap
FNF:2
FNH:2
FNDA:3,(anonymous_0)
FNDA:7,WithWrap
DA:6,3
DA:8,7
DA:10,7
DA:12,6
DA:14,1
DA:19,3
DA:24,3
DA:29,3
LF:8
LH:8
BRDA:10,0,0,1
BRDA:10,0,1,6
BRDA:12,1,0,5
BRDA:12,1,1,1
BRDA:12,2,0,6
BRDA:12,2,1,6
BRF:6
BRH:6
end_of_record
TN:
SF:src/reducers/actions.js
FN:9,(anonymous_0)
FN:11,(anonymous_1)
FN:23,(anonymous_2)
FN:23,(anonymous_3)
FN:28,(anonymous_4)
FN:32,(anonymous_5)
FN:35,(anonymous_6)
FN:35,(anonymous_7)
FN:40,(anonymous_8)
FN:44,(anonymous_9)
FNF:10
FNH:8
FNDA:3,(anonymous_0)
FNDA:7,(anonymous_1)
FNDA:8,(anonymous_2)
FNDA:6,(anonymous_3)
FNDA:0,(anonymous_4)
FNDA:6,(anonymous_5)
FNDA:4,(anonymous_6)
FNDA:2,(anonymous_7)
FNDA:0,(anonymous_8)
FNDA:2,(anonymous_9)
DA:7,5
DA:9,5
DA:11,7
DA:13,5
DA:15,5
DA:17,5
DA:19,5
DA:21,5
DA:23,8
DA:24,6
DA:25,6
DA:27,6
DA:29,0
DA:30,0
DA:32,6
DA:35,5
DA:36,2
DA:37,2
DA:39,2
DA:41,0
DA:42,0
DA:44,2
LF:22
LH:18
BRF:0
BRH:0
end_of_record
TN:
SF:src/reducers/reducer.js
FN:26,(anonymous_0)
FN:27,(anonymous_1)
FN:28,(anonymous_2)
FN:32,(anonymous_3)
FN:36,(anonymous_4)
FN:40,(anonymous_5)
FN:44,(anonymous_6)
FN:48,(anonymous_7)
FNF:8
FNH:8
FNDA:1,(anonymous_0)
FNDA:1,(anonymous_1)
FNDA:1,(anonymous_2)
FNDA:1,(anonymous_3)
FNDA:1,(anonymous_4)
FNDA:1,(anonymous_5)
FNDA:1,(anonymous_6)
FNDA:1,(anonymous_7)
DA:14,1
DA:24,1
DA:26,1
DA:27,1
DA:29,1
DA:30,1
DA:33,1
DA:34,1
DA:37,1
DA:38,1
DA:41,1
DA:42,1
DA:45,1
DA:46,1
DA:48,1
LF:15
LH:15
BRF:0
BRH:0
end_of_record
TN:
SF:src/selectors/selectors.js
FN:3,getLocationSelector
FN:7,getWeatherSelector
FN:11,getWeatherLoadingSelector
FN:15,getLocationLoadingSelector
FN:19,makeLocationSelector
FN:22,(anonymous_5)
FN:26,makeWeatherSelector
FN:29,(anonymous_7)
FN:33,makeWeatherLoadingSelector
FN:36,(anonymous_9)
FN:40,makeLocationLoadingSelector
FN:43,(anonymous_11)
FNF:12
FNH:12
FNDA:4,getLocationSelector
FNDA:4,getWeatherSelector
FNDA:6,getWeatherLoadingSelector
FNDA:6,getLocationLoadingSelector
FNDA:4,makeLocationSelector
FNDA:3,(anonymous_5)
FNDA:4,makeWeatherSelector
FNDA:3,(anonymous_7)
FNDA:5,makeWeatherLoadingSelector
FNDA:5,(anonymous_9)
FNDA:5,makeLocationLoadingSelector
FNDA:5,(anonymous_11)
DA:4,4
DA:8,4
DA:12,6
DA:16,6
DA:20,4
DA:22,3
DA:27,4
DA:29,3
DA:34,5
DA:36,5
DA:41,5
DA:43,5
LF:12
LH:12
BRF:0
BRH:0
end_of_record
TN:
SF:src/settings/index.js
FNF:0
FNH:0
LF:0
LH:0
BRF:0
BRH:0
end_of_record
