TN:
SF:src/App.jsx
FN:4,(anonymous_0)
FNF:1
FNH:1
FNDA:1,(anonymous_0)
DA:4,1
DA:5,1
DA:10,1
LF:3
LH:3
BRF:0
BRH:0
end_of_record
TN:
SF:src/reducers/actions.js
FN:7,(anonymous_0)
FN:9,(anonymous_1)
FN:19,(anonymous_2)
FN:21,(anonymous_3)
FN:23,(anonymous_4)
FN:23,(anonymous_5)
FN:28,(anonymous_6)
FN:32,(anonymous_7)
FN:35,(anonymous_8)
FN:35,(anonymous_9)
FN:40,(anonymous_10)
FN:44,(anonymous_11)
FNF:12
FNH:12
FNDA:4,(anonymous_0)
FNDA:4,(anonymous_1)
FNDA:1,(anonymous_2)
FNDA:1,(anonymous_3)
FNDA:2,(anonymous_4)
FNDA:2,(anonymous_5)
FNDA:1,(anonymous_6)
FNDA:1,(anonymous_7)
FNDA:2,(anonymous_8)
FNDA:2,(anonymous_9)
FNDA:1,(anonymous_10)
FNDA:1,(anonymous_11)
DA:5,2
DA:7,4
DA:9,4
DA:11,2
DA:13,2
DA:15,2
DA:17,2
DA:19,2
DA:21,2
DA:23,2
DA:24,2
DA:25,2
DA:27,2
DA:29,1
DA:30,1
DA:32,1
DA:35,2
DA:36,2
DA:37,2
DA:39,2
DA:41,1
DA:42,1
DA:44,1
LF:23
LH:23
BRF:0
BRH:0
end_of_record
TN:
SF:src/reducers/reducer.js
FN:27,(anonymous_0)
FN:28,(anonymous_1)
FN:29,(anonymous_2)
FN:33,(anonymous_3)
FN:37,(anonymous_4)
FN:41,(anonymous_5)
FN:45,(anonymous_6)
FN:49,(anonymous_7)
FN:50,(anonymous_8)
FN:52,(anonymous_9)
FN:56,(anonymous_10)
FN:58,(anonymous_11)
FN:59,(anonymous_12)
FN:61,(anonymous_13)
FN:61,(anonymous_14)
FNF:15
FNH:15
FNDA:1,(anonymous_0)
FNDA:1,(anonymous_1)
FNDA:1,(anonymous_2)
FNDA:1,(anonymous_3)
FNDA:1,(anonymous_4)
FNDA:1,(anonymous_5)
FNDA:1,(anonymous_6)
FNDA:2,(anonymous_7)
FNDA:2,(anonymous_8)
FNDA:1,(anonymous_9)
FNDA:1,(anonymous_10)
FNDA:1,(anonymous_11)
FNDA:1,(anonymous_12)
FNDA:1,(anonymous_13)
FNDA:1,(anonymous_14)
DA:15,1
DA:25,1
DA:27,1
DA:28,1
DA:30,1
DA:31,1
DA:34,1
DA:35,1
DA:38,1
DA:39,1
DA:42,1
DA:43,1
DA:46,1
DA:47,1
DA:50,2
DA:52,2
DA:53,1
DA:56,1
DA:59,1
DA:61,1
LF:20
LH:20
BRDA:52,0,0,1
BRDA:52,0,1,1
BRF:2
BRH:2
end_of_record
TN:
SF:src/settings/index.js
FNF:0
FNH:0
LF:0
LH:0
BRF:0
BRH:0
end_of_record
